<?xml version="1.0" encoding="utf-8"?><testsuites name="pytest tests"><testsuite name="pytest" errors="0" failures="1" skipped="0" tests="17" time="1.685" timestamp="2026-02-05T21:36:43.858652+00:00" hostname="agent-env-33b2d6cb-d973-4228-b960-cb1167449b59"><testcase classname="backend.tests.test_bonus_redesign.TestBonusProgramsAPI" name="test_bonus_programs_returns_yearly_total" time="0.339" /><testcase classname="backend.tests.test_bonus_redesign.TestBonusProgramsAPI" name="test_bonus_programs_returns_bonus_points" time="0.039" /><testcase classname="backend.tests.test_bonus_redesign.TestBonusProgramsAPI" name="test_bonus_programs_returns_yearly_order_count" time="0.038" /><testcase classname="backend.tests.test_bonus_redesign.TestBonusProgramsAPI" name="test_bonus_programs_returns_current_year" time="0.034" /><testcase classname="backend.tests.test_bonus_redesign.TestBonusProgramsAPI" name="test_bonus_programs_returns_levels" time="0.034" /><testcase classname="backend.tests.test_bonus_redesign.TestBonusProgramsAPI" name="test_bonus_programs_returns_current_level" time="0.035" /><testcase classname="backend.tests.test_bonus_redesign.TestAdminProductCRUD" name="test_create_product_returns_product_data" time="0.329" /><testcase classname="backend.tests.test_bonus_redesign.TestAdminProductCRUD" name="test_update_product_returns_updated_data" time="0.115" /><testcase classname="backend.tests.test_bonus_redesign.TestAdminProductCRUD" name="test_delete_product_returns_success" time="0.065" /><testcase classname="backend.tests.test_bonus_redesign.TestAdminBonusProgramCRUD" name="test_get_admin_bonus_programs" time="0.031"><failure message="AssertionError: Should return list of programs&#10;assert False&#10; +  where False = isinstance({'programs': [{'contribution_percent': 100.0, 'contribution_type': 'order_total', 'created_at': '2026-01-31T22:00:49.452184+00:00', 'description': 'Программа лояльности с уровнями!', ...}]}, list)">backend/tests/test_bonus_redesign.py:238: in test_get_admin_bonus_programs
    assert isinstance(data, list), "Should return list of programs"
E   AssertionError: Should return list of programs
E   assert False
E    +  where False = isinstance({'programs': [{'contribution_percent': 100.0, 'contribution_type': 'order_total', 'created_at': '2026-01-31T22:00:49.452184+00:00', 'description': 'Программа лояльности с уровнями!', ...}]}, list)</failure></testcase><testcase classname="backend.tests.test_bonus_redesign.TestAdminBonusProgramCRUD" name="test_create_bonus_program_returns_data" time="0.079" /><testcase classname="backend.tests.test_bonus_redesign.TestAdminBonusProgramCRUD" name="test_update_bonus_program_returns_data" time="0.108" /><testcase classname="backend.tests.test_bonus_redesign.TestAdminBonusProgramCRUD" name="test_delete_bonus_program_returns_success" time="0.064" /><testcase classname="backend.tests.test_bonus_redesign.TestAdminPartnersCRUD" name="test_get_partners" time="0.036" /><testcase classname="backend.tests.test_bonus_redesign.TestAdminPartnersCRUD" name="test_create_partner_returns_data" time="0.062" /><testcase classname="backend.tests.test_bonus_redesign.TestAdminPartnersCRUD" name="test_update_partner_returns_data" time="0.099" /><testcase classname="backend.tests.test_bonus_redesign.TestAdminPartnersCRUD" name="test_delete_partner_returns_success" time="0.063" /></testsuite></testsuites>