<?xml version="1.0" encoding="utf-8"?><testsuites name="pytest tests"><testsuite name="pytest" errors="0" failures="0" skipped="0" tests="17" time="5.498" timestamp="2026-01-31T23:19:18.006945+00:00" hostname="agent-env-0a89e353-8151-48a6-8bf6-92740931436d"><testcase classname="backend.tests.test_statistics_extended.TestExtendedStatistics" name="test_stats_returns_main_kpis" time="0.353" /><testcase classname="backend.tests.test_statistics_extended.TestExtendedStatistics" name="test_stats_returns_growth_percentages" time="0.301" /><testcase classname="backend.tests.test_statistics_extended.TestExtendedStatistics" name="test_stats_returns_secondary_metrics" time="0.302" /><testcase classname="backend.tests.test_statistics_extended.TestExtendedStatistics" name="test_stats_returns_daily_sales_chart_data" time="0.300" /><testcase classname="backend.tests.test_statistics_extended.TestExtendedStatistics" name="test_stats_returns_hourly_distribution" time="0.306" /><testcase classname="backend.tests.test_statistics_extended.TestExtendedStatistics" name="test_stats_returns_status_distribution" time="0.296" /><testcase classname="backend.tests.test_statistics_extended.TestExtendedStatistics" name="test_stats_returns_top_products" time="0.303" /><testcase classname="backend.tests.test_statistics_extended.TestExtendedStatistics" name="test_stats_returns_top_customers" time="0.298" /><testcase classname="backend.tests.test_statistics_extended.TestExtendedStatistics" name="test_stats_returns_top_manufacturers" time="0.303" /><testcase classname="backend.tests.test_statistics_extended.TestExtendedStatistics" name="test_stats_period_day" time="0.303" /><testcase classname="backend.tests.test_statistics_extended.TestExtendedStatistics" name="test_stats_period_week" time="0.298" /><testcase classname="backend.tests.test_statistics_extended.TestExtendedStatistics" name="test_stats_period_month" time="0.301" /><testcase classname="backend.tests.test_statistics_extended.TestExtendedStatistics" name="test_stats_period_year" time="0.298" /><testcase classname="backend.tests.test_statistics_extended.TestExtendedStatistics" name="test_stats_default_period_is_month" time="0.296" /><testcase classname="backend.tests.test_statistics_extended.TestExtendedStatistics" name="test_stats_requires_admin_auth" time="0.288" /><testcase classname="backend.tests.test_statistics_extended.TestExtendedStatistics" name="test_stats_rejects_non_admin_user" time="0.567" /><testcase classname="backend.tests.test_statistics_extended.TestExtendedStatistics" name="test_stats_data_consistency" time="0.299" /></testsuite></testsuites>