<?xml version="1.0" encoding="utf-8"?><testsuites name="pytest tests"><testsuite name="pytest" errors="0" failures="0" skipped="0" tests="11" time="3.526" timestamp="2026-01-31T22:58:46.720913+00:00" hostname="agent-env-0a89e353-8151-48a6-8bf6-92740931436d"><testcase classname="backend.tests.test_admin_user_details.TestAdminUserDetails" name="test_get_admin_users_list" time="0.304" /><testcase classname="backend.tests.test_admin_user_details.TestAdminUserDetails" name="test_get_user_details_endpoint" time="0.324" /><testcase classname="backend.tests.test_admin_user_details.TestAdminUserDetails" name="test_user_details_personal_info" time="0.293" /><testcase classname="backend.tests.test_admin_user_details.TestAdminUserDetails" name="test_user_details_statistics" time="0.291" /><testcase classname="backend.tests.test_admin_user_details.TestAdminUserDetails" name="test_user_details_recent_orders" time="0.297" /><testcase classname="backend.tests.test_admin_user_details.TestAdminUserDetails" name="test_user_details_nonexistent_user" time="0.272" /><testcase classname="backend.tests.test_admin_user_details.TestAdminUserDetails" name="test_user_details_requires_admin" time="0.293" /><testcase classname="backend.tests.test_admin_user_details.TestAdminUserDetails" name="test_user_edit_from_expanded_view" time="0.324" /><testcase classname="backend.tests.test_admin_user_details.TestAdminUserDetails" name="test_user_delete_from_expanded_view" time="0.517" /><testcase classname="backend.tests.test_admin_user_details.TestAdminUserListQuickStats" name="test_users_have_order_count" time="0.278" /><testcase classname="backend.tests.test_admin_user_details.TestAdminUserListQuickStats" name="test_users_have_total_spent" time="0.281" /></testsuite></testsuites>