<?xml version="1.0" encoding="utf-8"?><testsuites name="pytest tests"><testsuite name="pytest" errors="0" failures="0" skipped="0" tests="24" time="6.252" timestamp="2026-01-17T23:39:17.623162+00:00" hostname="agent-env-bef74cdf-3b35-401d-84d8-37c27260252a"><testcase classname="tests.test_new_features.TestSetup" name="test_create_admin" time="0.072" /><testcase classname="tests.test_new_features.TestSetup" name="test_seed_data" time="0.075" /><testcase classname="tests.test_new_features.TestSetup" name="test_admin_login" time="0.259" /><testcase classname="tests.test_new_features.TestSetup" name="test_register_test_user" time="0.267" /><testcase classname="tests.test_new_features.TestPopularProducts" name="test_get_popular_products" time="0.031" /><testcase classname="tests.test_new_features.TestPopularProducts" name="test_popular_products_limit" time="0.077" /><testcase classname="tests.test_new_features.TestRelatedProducts" name="test_get_related_products" time="0.072" /><testcase classname="tests.test_new_features.TestRelatedProducts" name="test_related_products_not_found" time="0.033" /><testcase classname="tests.test_new_features.TestFavoritesAPI" name="test_get_favorites_unauthorized" time="0.032" /><testcase classname="tests.test_new_features.TestFavoritesAPI" name="test_favorites_flow" time="0.485" /><testcase classname="tests.test_new_features.TestChatAPI" name="test_chat_unauthorized" time="0.039" /><testcase classname="tests.test_new_features.TestChatAPI" name="test_user_chat_flow" time="0.442" /><testcase classname="tests.test_new_features.TestAdminChatAPI" name="test_admin_get_chats" time="0.306" /><testcase classname="tests.test_new_features.TestAdminChatAPI" name="test_admin_chat_messages_and_reply" time="0.440" /><testcase classname="tests.test_new_features.TestTelegramSettings" name="test_get_telegram_settings_unauthorized" time="0.301" /><testcase classname="tests.test_new_features.TestTelegramSettings" name="test_get_telegram_settings" time="0.299" /><testcase classname="tests.test_new_features.TestTelegramSettings" name="test_update_telegram_settings" time="0.372" /><testcase classname="tests.test_new_features.TestImportExport" name="test_export_products" time="0.298" /><testcase classname="tests.test_new_features.TestImportExport" name="test_import_products" time="0.399" /><testcase classname="tests.test_new_features.TestImportExport" name="test_import_invalid_file" time="0.311" /><testcase classname="tests.test_new_features.TestExtendedStats" name="test_extended_stats_unauthorized" time="0.292" /><testcase classname="tests.test_new_features.TestExtendedStats" name="test_get_extended_stats_month" time="0.358" /><testcase classname="tests.test_new_features.TestExtendedStats" name="test_extended_stats_different_periods" time="0.448" /><testcase classname="tests.test_new_features.TestCleanup" name="test_cleanup_imported_products" time="0.413" /></testsuite></testsuites>