<?xml version="1.0" encoding="utf-8"?><testsuites name="pytest tests"><testsuite name="pytest" errors="0" failures="0" skipped="0" tests="12" time="4.157" timestamp="2026-01-31T20:57:16.148078+00:00" hostname="agent-env-02560bc1-6e26-4959-9d9a-4a979bb9c97f"><testcase classname="backend.tests.test_phase4_features.TestPartnerBrandsAPI" name="test_get_partners_public" time="0.334" /><testcase classname="backend.tests.test_phase4_features.TestPartnerBrandsAPI" name="test_create_partner_admin" time="0.292" /><testcase classname="backend.tests.test_phase4_features.TestPartnerBrandsAPI" name="test_update_partner_admin" time="0.377" /><testcase classname="backend.tests.test_phase4_features.TestPartnerBrandsAPI" name="test_delete_partner_admin" time="0.453" /><testcase classname="backend.tests.test_phase4_features.TestPartnerBrandsAPI" name="test_seed_default_partners" time="0.300" /><testcase classname="backend.tests.test_phase4_features.TestPartnerBrandsAPI" name="test_partner_requires_admin" time="0.294" /><testcase classname="backend.tests.test_phase4_features.TestUserAvatarAPI" name="test_upload_avatar" time="0.327" /><testcase classname="backend.tests.test_phase4_features.TestUserAvatarAPI" name="test_delete_avatar" time="0.337" /><testcase classname="backend.tests.test_phase4_features.TestUserAvatarAPI" name="test_avatar_requires_auth" time="0.321" /><testcase classname="backend.tests.test_phase4_features.TestOrderStatisticsAPI" name="test_get_order_stats" time="0.378" /><testcase classname="backend.tests.test_phase4_features.TestOrderStatisticsAPI" name="test_order_stats_requires_auth" time="0.330" /><testcase classname="backend.tests.test_phase4_features.TestCleanup" name="test_cleanup_test_partners" time="0.361" /></testsuite></testsuites>