<?xml version="1.0" encoding="utf-8"?><testsuites name="pytest tests"><testsuite name="pytest" errors="0" failures="0" skipped="0" tests="11" time="1.356" timestamp="2026-01-31T21:33:24.146115+00:00" hostname="agent-env-0a89e353-8151-48a6-8bf6-92740931436d"><testcase classname="backend.tests.test_bonus_program_v2.TestBonusProgramV2" name="test_01_admin_bonus_settings_has_new_fields" time="0.621" /><testcase classname="backend.tests.test_bonus_program_v2.TestBonusProgramV2" name="test_02_admin_can_save_bonus_settings" time="0.078" /><testcase classname="backend.tests.test_bonus_program_v2.TestBonusProgramV2" name="test_03_user_sees_bonus_progress_with_new_fields" time="0.034" /><testcase classname="backend.tests.test_bonus_program_v2.TestBonusProgramV2" name="test_04_user_cannot_request_bonus_below_threshold" time="0.084" /><testcase classname="backend.tests.test_bonus_program_v2.TestBonusProgramV2" name="test_05_admin_sees_users_with_bonus_requested_flag" time="0.040" /><testcase classname="backend.tests.test_bonus_program_v2.TestBonusProgramV2" name="test_06_admin_issue_bonus_requires_promo_code" time="0.033" /><testcase classname="backend.tests.test_bonus_program_v2.TestBonusProgramV2" name="test_07_admin_can_issue_bonus_with_promo_code" time="0.082" /><testcase classname="backend.tests.test_bonus_program_v2.TestBonusProgramV2" name="test_08_user_receives_promo_code_in_history" time="0.039" /><testcase classname="backend.tests.test_bonus_program_v2.TestBonusProgramV2" name="test_09_progress_resets_after_bonus_issued" time="0.146" /><testcase classname="backend.tests.test_bonus_program_v2.TestBonusProgramV2" name="test_10_admin_sees_all_bonus_history" time="0.035" /><testcase classname="backend.tests.test_bonus_program_v2.TestBonusProgramV2" name="test_11_full_bonus_request_and_issue_flow" time="0.112" /></testsuite></testsuites>