<?xml version="1.0" encoding="utf-8"?><testsuites name="pytest tests"><testsuite name="pytest" errors="0" failures="0" skipped="0" tests="8" time="4.587" timestamp="2026-02-09T19:13:43.919117+00:00" hostname="agent-env-1d1cbbb9-6ce5-4d90-9407-74f3fc62b996"><testcase classname="tests.test_bug_fixes.TestAuthentication" name="test_admin_login" time="0.388" /><testcase classname="tests.test_bug_fixes.TestBug1ProductImages" name="test_products_endpoint" time="0.518" /><testcase classname="tests.test_bug_fixes.TestBug2CategoryAspectRatio" name="test_categories_endpoint" time="0.144" /><testcase classname="tests.test_bug_fixes.TestBug3PromoImageSwap" name="test_promo_banner_endpoint" time="0.515" /><testcase classname="tests.test_bug_fixes.TestBug3PromoImageSwap" name="test_update_promo_banner_with_images" time="0.660" /><testcase classname="tests.test_bug_fixes.TestBug4BonusButtonText" name="test_admin_bonus_programs" time="0.732" /><testcase classname="tests.test_bug_fixes.TestBug4BonusButtonText" name="test_user_bonus_programs" time="0.842" /><testcase classname="tests.test_bug_fixes.TestBug5OrderCustomerInfo" name="test_admin_orders_have_customer_info" time="0.737" /></testsuite></testsuites>