<?xml version="1.0" encoding="utf-8"?><testsuites name="pytest tests"><testsuite name="pytest" errors="0" failures="0" skipped="0" tests="12" time="1.266" timestamp="2026-01-31T22:05:04.428464+00:00" hostname="agent-env-0a89e353-8151-48a6-8bf6-92740931436d"><testcase classname="backend.tests.test_multiple_bonus_programs.TestMultipleBonusPrograms" name="test_01_admin_can_get_programs_list" time="0.605" /><testcase classname="backend.tests.test_multiple_bonus_programs.TestMultipleBonusPrograms" name="test_02_admin_can_create_new_program" time="0.038" /><testcase classname="backend.tests.test_multiple_bonus_programs.TestMultipleBonusPrograms" name="test_03_admin_can_create_percentage_program" time="0.040" /><testcase classname="backend.tests.test_multiple_bonus_programs.TestMultipleBonusPrograms" name="test_04_admin_can_edit_program" time="0.038" /><testcase classname="backend.tests.test_multiple_bonus_programs.TestMultipleBonusPrograms" name="test_05_admin_can_delete_program" time="0.123" /><testcase classname="backend.tests.test_multiple_bonus_programs.TestMultipleBonusPrograms" name="test_06_admin_can_expand_program_to_see_users" time="0.045" /><testcase classname="backend.tests.test_multiple_bonus_programs.TestMultipleBonusPrograms" name="test_07_admin_can_issue_bonus_for_specific_program" time="0.035" /><testcase classname="backend.tests.test_multiple_bonus_programs.TestMultipleBonusPrograms" name="test_08_admin_issue_requires_promo_code" time="0.034" /><testcase classname="backend.tests.test_multiple_bonus_programs.TestMultipleBonusPrograms" name="test_09_user_sees_all_active_programs" time="0.040" /><testcase classname="backend.tests.test_multiple_bonus_programs.TestMultipleBonusPrograms" name="test_10_user_can_request_bonus_from_specific_program" time="0.042" /><testcase classname="backend.tests.test_multiple_bonus_programs.TestMultipleBonusPrograms" name="test_11_bonus_history_shows_program_title" time="0.037" /><testcase classname="backend.tests.test_multiple_bonus_programs.TestMultipleBonusPrograms" name="test_12_admin_bonus_history_shows_all_programs" time="0.114" /></testsuite></testsuites>