<?xml version="1.0" encoding="utf-8"?><testsuites name="pytest tests"><testsuite name="pytest" errors="0" failures="1" skipped="0" tests="12" time="4.385" timestamp="2026-01-31T20:56:07.678216+00:00" hostname="agent-env-02560bc1-6e26-4959-9d9a-4a979bb9c97f"><testcase classname="backend.tests.test_phase4_features.TestPartnerBrandsAPI" name="test_get_partners_public" time="0.338" /><testcase classname="backend.tests.test_phase4_features.TestPartnerBrandsAPI" name="test_create_partner_admin" time="0.295" /><testcase classname="backend.tests.test_phase4_features.TestPartnerBrandsAPI" name="test_update_partner_admin" time="0.378" /><testcase classname="backend.tests.test_phase4_features.TestPartnerBrandsAPI" name="test_delete_partner_admin" time="0.363" /><testcase classname="backend.tests.test_phase4_features.TestPartnerBrandsAPI" name="test_seed_default_partners" time="0.299" /><testcase classname="backend.tests.test_phase4_features.TestPartnerBrandsAPI" name="test_partner_requires_admin" time="0.336" /><testcase classname="backend.tests.test_phase4_features.TestUserAvatarAPI" name="test_upload_avatar" time="0.556" /><testcase classname="backend.tests.test_phase4_features.TestUserAvatarAPI" name="test_delete_avatar" time="0.369" /><testcase classname="backend.tests.test_phase4_features.TestUserAvatarAPI" name="test_avatar_requires_auth" time="0.332" /><testcase classname="backend.tests.test_phase4_features.TestOrderStatisticsAPI" name="test_get_order_stats" time="0.324"><failure message="AssertionError: Get order stats failed: {&quot;detail&quot;:&quot;Order not found&quot;}&#10;assert 404 == 200&#10; +  where 404 = &lt;Response [404]&gt;.status_code">backend/tests/test_phase4_features.py:265: in test_get_order_stats
    assert response.status_code == 200, f"Get order stats failed: {response.text}"
E   AssertionError: Get order stats failed: {"detail":"Order not found"}
E   assert 404 == 200
E    +  where 404 = &lt;Response [404]&gt;.status_code</failure></testcase><testcase classname="backend.tests.test_phase4_features.TestOrderStatisticsAPI" name="test_order_stats_requires_auth" time="0.325" /><testcase classname="backend.tests.test_phase4_features.TestCleanup" name="test_cleanup_test_partners" time="0.338" /></testsuite></testsuites>