<?xml version="1.0" encoding="utf-8"?><testsuites name="pytest tests"><testsuite name="pytest" errors="0" failures="0" skipped="0" tests="17" time="1.659" timestamp="2026-02-05T21:37:11.855326+00:00" hostname="agent-env-33b2d6cb-d973-4228-b960-cb1167449b59"><testcase classname="backend.tests.test_bonus_redesign.TestBonusProgramsAPI" name="test_bonus_programs_returns_yearly_total" time="0.328" /><testcase classname="backend.tests.test_bonus_redesign.TestBonusProgramsAPI" name="test_bonus_programs_returns_bonus_points" time="0.037" /><testcase classname="backend.tests.test_bonus_redesign.TestBonusProgramsAPI" name="test_bonus_programs_returns_yearly_order_count" time="0.034" /><testcase classname="backend.tests.test_bonus_redesign.TestBonusProgramsAPI" name="test_bonus_programs_returns_current_year" time="0.041" /><testcase classname="backend.tests.test_bonus_redesign.TestBonusProgramsAPI" name="test_bonus_programs_returns_levels" time="0.039" /><testcase classname="backend.tests.test_bonus_redesign.TestBonusProgramsAPI" name="test_bonus_programs_returns_current_level" time="0.036" /><testcase classname="backend.tests.test_bonus_redesign.TestAdminProductCRUD" name="test_create_product_returns_product_data" time="0.337" /><testcase classname="backend.tests.test_bonus_redesign.TestAdminProductCRUD" name="test_update_product_returns_updated_data" time="0.111" /><testcase classname="backend.tests.test_bonus_redesign.TestAdminProductCRUD" name="test_delete_product_returns_success" time="0.073" /><testcase classname="backend.tests.test_bonus_redesign.TestAdminBonusProgramCRUD" name="test_get_admin_bonus_programs" time="0.038" /><testcase classname="backend.tests.test_bonus_redesign.TestAdminBonusProgramCRUD" name="test_create_bonus_program_returns_data" time="0.070" /><testcase classname="backend.tests.test_bonus_redesign.TestAdminBonusProgramCRUD" name="test_update_bonus_program_returns_data" time="0.107" /><testcase classname="backend.tests.test_bonus_redesign.TestAdminBonusProgramCRUD" name="test_delete_bonus_program_returns_success" time="0.071" /><testcase classname="backend.tests.test_bonus_redesign.TestAdminPartnersCRUD" name="test_get_partners" time="0.031" /><testcase classname="backend.tests.test_bonus_redesign.TestAdminPartnersCRUD" name="test_create_partner_returns_data" time="0.067" /><testcase classname="backend.tests.test_bonus_redesign.TestAdminPartnersCRUD" name="test_update_partner_returns_data" time="0.100" /><testcase classname="backend.tests.test_bonus_redesign.TestAdminPartnersCRUD" name="test_delete_partner_returns_success" time="0.067" /></testsuite></testsuites>