<?xml version="1.0" encoding="utf-8"?><testsuites name="pytest tests"><testsuite name="pytest" errors="0" failures="0" skipped="0" tests="9" time="4.210" timestamp="2026-01-31T22:46:04.415814+00:00" hostname="agent-env-0a89e353-8151-48a6-8bf6-92740931436d"><testcase classname="backend.tests.test_profile_orders.TestProfileAPI" name="test_get_current_user" time="0.334" /><testcase classname="backend.tests.test_profile_orders.TestProfileAPI" name="test_update_profile_basic_fields" time="0.298" /><testcase classname="backend.tests.test_profile_orders.TestProfileAPI" name="test_update_email" time="0.337" /><testcase classname="backend.tests.test_profile_orders.TestProfileAPI" name="test_email_uniqueness" time="0.296" /><testcase classname="backend.tests.test_profile_orders.TestProfileAPI" name="test_password_change_requires_current_password" time="0.299" /><testcase classname="backend.tests.test_profile_orders.TestProfileAPI" name="test_password_change_wrong_current_password" time="0.516" /><testcase classname="backend.tests.test_profile_orders.TestProfileAPI" name="test_password_change_success" time="1.483" /><testcase classname="backend.tests.test_profile_orders.TestOrdersStatsAPI" name="test_get_orders_stats" time="0.294" /><testcase classname="backend.tests.test_profile_orders.TestOrdersStatsAPI" name="test_get_orders_list" time="0.288" /></testsuite></testsuites>