<?xml version="1.0" encoding="utf-8"?><testsuites name="pytest tests"><testsuite name="pytest" errors="0" failures="0" skipped="0" tests="16" time="3.768" timestamp="2026-01-26T10:02:34.213885+00:00" hostname="agent-env-02560bc1-6e26-4959-9d9a-4a979bb9c97f"><testcase classname="backend.tests.test_phase1_features.TestHealthEndpoint" name="test_api_health_returns_200" time="0.100" /><testcase classname="backend.tests.test_phase1_features.TestAdminAuthentication" name="test_admin_login" time="0.268" /><testcase classname="backend.tests.test_phase1_features.TestAdminUserManagement" name="test_list_users" time="0.316" /><testcase classname="backend.tests.test_phase1_features.TestAdminUserManagement" name="test_create_user" time="0.318" /><testcase classname="backend.tests.test_phase1_features.TestAdminUserManagement" name="test_user_password_plain_visible" time="0.049" /><testcase classname="backend.tests.test_phase1_features.TestAdminUserManagement" name="test_update_user" time="0.603" /><testcase classname="backend.tests.test_phase1_features.TestAdminUserManagement" name="test_delete_user" time="0.342" /><testcase classname="backend.tests.test_phase1_features.TestAdminOrderManagement" name="test_list_orders" time="0.302" /><testcase classname="backend.tests.test_phase1_features.TestAdminOrderManagement" name="test_update_order" time="0.118" /><testcase classname="backend.tests.test_phase1_features.TestAdminOrderManagement" name="test_delete_order" time="0.123" /><testcase classname="backend.tests.test_phase1_features.TestProductCrossReference" name="test_search_with_alternatives_endpoint" time="0.036" /><testcase classname="backend.tests.test_phase1_features.TestProductCrossReference" name="test_cross_reference_search_sachs001" time="0.046" /><testcase classname="backend.tests.test_phase1_features.TestProductCrossReference" name="test_product_has_cross_articles_field" time="0.303" /><testcase classname="backend.tests.test_phase1_features.TestProductCrossReference" name="test_create_product_with_cross_articles" time="0.160" /><testcase classname="backend.tests.test_phase1_features.TestProductCrossReference" name="test_update_product_cross_articles" time="0.113" /><testcase classname="backend.tests.test_phase1_features.TestCleanup" name="test_cleanup_test_users" time="0.379" /></testsuite></testsuites>